<?xml version="1.0" encoding="UTF-8"?>
<!-- Generated by org.testng.reporters.JUnitXMLReporter -->
<testsuite hostname="DESKTOP-N421JSS" ignored="6" name="Default test" tests="1" failures="0" timestamp="2022-08-08T14:27:02 BRT" time="3.915" errors="0">
  <testcase name="patchAtualizaUsuario" time="3.859" classname="apiTesteComRestAssured.GerenciarUsuario"/>
  <testcase name="postCriaUsuario" time="0.0" classname="apiTesteComRestAssured.GerenciarUsuario">
    <ignored/>
  </testcase> <!-- postCriaUsuario -->
  <testcase name="getBuscaUsuarioErro" time="0.0" classname="apiTesteComRestAssured.GerenciarUsuario">
    <ignored/>
  </testcase> <!-- getBuscaUsuarioErro -->
  <testcase name="postRegistrarUsuarioErro" time="0.0" classname="apiTesteComRestAssured.GerenciarUsuario">
    <ignored/>
  </testcase> <!-- postRegistrarUsuarioErro -->
  <testcase name="postRegistrarUsuario" time="0.0" classname="apiTesteComRestAssured.GerenciarUsuario">
    <ignored/>
  </testcase> <!-- postRegistrarUsuario -->
  <testcase name="getListUsuarios" time="0.0" classname="apiTesteComRestAssured.GerenciarUsuario">
    <ignored/>
  </testcase> <!-- getListUsuarios -->
  <testcase name="getBuscaUsuario" time="0.0" classname="apiTesteComRestAssured.GerenciarUsuario">
    <ignored/>
  </testcase> <!-- getBuscaUsuario -->
</testsuite> <!-- Default test -->
