<?xml version="1.0" encoding="UTF-8"?>
<testng-results skipped="0" failed="0" ignored="6" total="7" passed="1">
  <reporter-output>
  </reporter-output>
  <suite name="Default suite" duration-ms="3915" started-at="2022-08-08T14:26:58 BRT" finished-at="2022-08-08T14:27:02 BRT">
    <groups>
    </groups>
    <test name="Default test" duration-ms="3915" started-at="2022-08-08T14:26:58 BRT" finished-at="2022-08-08T14:27:02 BRT">
      <class name="apiTesteComRestAssured.GerenciarUsuario">
        <test-method status="PASS" signature="patchAtualizaUsuario()[pri:0, instance:apiTesteComRestAssured.GerenciarUsuario@5a8806ef]" name="patchAtualizaUsuario" duration-ms="3859" started-at="2022-08-08T14:26:58 BRT" finished-at="2022-08-08T14:27:02 BRT">
          <reporter-output>
          </reporter-output>
        </test-method> <!-- patchAtualizaUsuario -->
      </class> <!-- apiTesteComRestAssured.GerenciarUsuario -->
    </test> <!-- Default test -->
  </suite> <!-- Default suite -->
</testng-results>
